2014-11-25 20:41:26,300 DEBUG [main] logging: Logging Provider: org.jboss.logging.Slf4jLoggerProvider
2014-11-25 20:41:26,303 INFO  [main] Version: HV000001: Hibernate Validator 5.0.3.Final
2014-11-25 20:41:26,310 DEBUG [main] DefaultTraversableResolver: Cannot find javax.persistence.Persistence on classpath. Assuming non JPA 2 environment. All properties will per default be traversable.
2014-11-25 20:41:26,311 DEBUG [main] ConfigurationImpl: Setting custom MessageInterpolator of type org.springframework.validation.beanvalidation.LocaleContextMessageInterpolator
2014-11-25 20:41:26,312 DEBUG [main] ConfigurationImpl: Setting custom ConstraintValidatorFactory of type org.springframework.validation.beanvalidation.SpringConstraintValidatorFactory
2014-11-25 20:41:26,313 DEBUG [main] ConfigurationImpl: Setting custom ParameterNameProvider of type com.sun.proxy.$Proxy25
2014-11-25 20:41:26,317 DEBUG [main] ValidationXmlParser: Trying to load META-INF/validation.xml for XML based Validator configuration.
2014-11-25 20:41:26,321 DEBUG [main] ValidationXmlParser: No META-INF/validation.xml found. Using annotation based configuration only.
2014-11-25 20:41:27,406 DEBUG [main] DefaultTraversableResolver: Cannot find javax.persistence.Persistence on classpath. Assuming non JPA 2 environment. All properties will per default be traversable.
2014-11-25 20:41:27,406 DEBUG [main] ConfigurationImpl: Setting custom MessageInterpolator of type org.springframework.validation.beanvalidation.LocaleContextMessageInterpolator
2014-11-25 20:41:27,406 DEBUG [main] ConfigurationImpl: Setting custom ConstraintValidatorFactory of type org.springframework.validation.beanvalidation.SpringConstraintValidatorFactory
2014-11-25 20:41:27,406 DEBUG [main] ConfigurationImpl: Setting custom ParameterNameProvider of type com.sun.proxy.$Proxy25
2014-11-25 20:41:27,407 DEBUG [main] ValidationXmlParser: Trying to load META-INF/validation.xml for XML based Validator configuration.
2014-11-25 20:41:27,408 DEBUG [main] ValidationXmlParser: No META-INF/validation.xml found. Using annotation based configuration only.
2014-11-25 20:41:59,670 DEBUG [main] logging: Logging Provider: org.jboss.logging.Slf4jLoggerProvider
2014-11-25 20:41:59,685 INFO  [main] Version: HV000001: Hibernate Validator 5.0.3.Final
2014-11-25 20:41:59,721 DEBUG [main] DefaultTraversableResolver: Cannot find javax.persistence.Persistence on classpath. Assuming non JPA 2 environment. All properties will per default be traversable.
2014-11-25 20:41:59,731 DEBUG [main] ConfigurationImpl: Setting custom MessageInterpolator of type org.springframework.validation.beanvalidation.LocaleContextMessageInterpolator
2014-11-25 20:41:59,733 DEBUG [main] ConfigurationImpl: Setting custom ConstraintValidatorFactory of type org.springframework.validation.beanvalidation.SpringConstraintValidatorFactory
2014-11-25 20:41:59,741 DEBUG [main] ConfigurationImpl: Setting custom ParameterNameProvider of type com.sun.proxy.$Proxy25
2014-11-25 20:41:59,757 DEBUG [main] ValidationXmlParser: Trying to load META-INF/validation.xml for XML based Validator configuration.
2014-11-25 20:41:59,777 DEBUG [main] ValidationXmlParser: No META-INF/validation.xml found. Using annotation based configuration only.
2014-11-25 20:42:02,218 DEBUG [main] DefaultTraversableResolver: Cannot find javax.persistence.Persistence on classpath. Assuming non JPA 2 environment. All properties will per default be traversable.
2014-11-25 20:42:02,218 DEBUG [main] ConfigurationImpl: Setting custom MessageInterpolator of type org.springframework.validation.beanvalidation.LocaleContextMessageInterpolator
2014-11-25 20:42:02,218 DEBUG [main] ConfigurationImpl: Setting custom ConstraintValidatorFactory of type org.springframework.validation.beanvalidation.SpringConstraintValidatorFactory
2014-11-25 20:42:02,218 DEBUG [main] ConfigurationImpl: Setting custom ParameterNameProvider of type com.sun.proxy.$Proxy25
2014-11-25 20:42:02,218 DEBUG [main] ValidationXmlParser: Trying to load META-INF/validation.xml for XML based Validator configuration.
2014-11-25 20:42:02,220 DEBUG [main] ValidationXmlParser: No META-INF/validation.xml found. Using annotation based configuration only.
2014-11-25 22:06:51,698 INFO  [main] Application: Starting Application on jasur-pc with PID 9292 (D:\projects\matluba-website-git\matluba-front\target\classes started by jasurbek.umarov in D:\projects\matluba-website-git\matluba-front)
2014-11-25 22:06:51,715 INFO  [main] Application: Starting Application on jasur-pc with PID 5340 (D:\projects\matluba-website-git\matluba-front\target\classes started by jasurbek.umarov in D:\projects\matluba-website-git\matluba-front)
2014-11-25 22:06:51,739 DEBUG [main] Application: Running with Spring Boot v1.1.6.RELEASE, Spring v4.0.7.RELEASE
2014-11-25 22:06:51,727 DEBUG [main] Application: Running with Spring Boot v1.1.6.RELEASE, Spring v4.0.7.RELEASE
2014-11-25 22:06:59,738 DEBUG [main] logging: Logging Provider: org.jboss.logging.Slf4jLoggerProvider
2014-11-25 22:06:59,745 INFO  [main] Version: HV000001: Hibernate Validator 5.0.3.Final
2014-11-25 22:06:59,739 DEBUG [main] logging: Logging Provider: org.jboss.logging.Slf4jLoggerProvider
2014-11-25 22:06:59,746 INFO  [main] Version: HV000001: Hibernate Validator 5.0.3.Final
2014-11-25 22:06:59,775 DEBUG [main] DefaultTraversableResolver: Cannot find javax.persistence.Persistence on classpath. Assuming non JPA 2 environment. All properties will per default be traversable.
2014-11-25 22:06:59,775 DEBUG [main] DefaultTraversableResolver: Cannot find javax.persistence.Persistence on classpath. Assuming non JPA 2 environment. All properties will per default be traversable.
2014-11-25 22:06:59,784 DEBUG [main] ConfigurationImpl: Setting custom MessageInterpolator of type org.springframework.validation.beanvalidation.LocaleContextMessageInterpolator
2014-11-25 22:06:59,786 DEBUG [main] ConfigurationImpl: Setting custom ConstraintValidatorFactory of type org.springframework.validation.beanvalidation.SpringConstraintValidatorFactory
2014-11-25 22:06:59,789 DEBUG [main] ConfigurationImpl: Setting custom MessageInterpolator of type org.springframework.validation.beanvalidation.LocaleContextMessageInterpolator
2014-11-25 22:06:59,791 DEBUG [main] ConfigurationImpl: Setting custom ConstraintValidatorFactory of type org.springframework.validation.beanvalidation.SpringConstraintValidatorFactory
2014-11-25 22:06:59,806 DEBUG [main] ConfigurationImpl: Setting custom ParameterNameProvider of type com.sun.proxy.$Proxy21
2014-11-25 22:06:59,811 DEBUG [main] ConfigurationImpl: Setting custom ParameterNameProvider of type com.sun.proxy.$Proxy21
2014-11-25 22:06:59,827 DEBUG [main] ValidationXmlParser: Trying to load META-INF/validation.xml for XML based Validator configuration.
2014-11-25 22:06:59,830 DEBUG [main] ValidationXmlParser: Trying to load META-INF/validation.xml for XML based Validator configuration.
2014-11-25 22:06:59,848 DEBUG [main] ValidationXmlParser: No META-INF/validation.xml found. Using annotation based configuration only.
2014-11-25 22:06:59,857 DEBUG [main] ValidationXmlParser: No META-INF/validation.xml found. Using annotation based configuration only.
2014-11-25 22:07:12,641 DEBUG [main] DefaultTraversableResolver: Cannot find javax.persistence.Persistence on classpath. Assuming non JPA 2 environment. All properties will per default be traversable.
2014-11-25 22:07:12,642 DEBUG [main] ConfigurationImpl: Setting custom MessageInterpolator of type org.springframework.validation.beanvalidation.LocaleContextMessageInterpolator
2014-11-25 22:07:12,642 DEBUG [main] ConfigurationImpl: Setting custom ConstraintValidatorFactory of type org.springframework.validation.beanvalidation.SpringConstraintValidatorFactory
2014-11-25 22:07:12,642 DEBUG [main] ConfigurationImpl: Setting custom ParameterNameProvider of type com.sun.proxy.$Proxy21
2014-11-25 22:07:12,643 DEBUG [main] ValidationXmlParser: Trying to load META-INF/validation.xml for XML based Validator configuration.
2014-11-25 22:07:12,645 DEBUG [main] ValidationXmlParser: No META-INF/validation.xml found. Using annotation based configuration only.
2014-11-25 22:07:13,334 ERROR [main] Http11NioProtocol: Failed to start end point associated with ProtocolHandler ["http-nio-80"]
java.net.BindException: Address already in use: bind
	at sun.nio.ch.Net.bind0(Native Method) ~[na:1.8.0_20]
	at sun.nio.ch.Net.bind(Net.java:436) ~[na:1.8.0_20]
	at sun.nio.ch.Net.bind(Net.java:428) ~[na:1.8.0_20]
	at sun.nio.ch.ServerSocketChannelImpl.bind(ServerSocketChannelImpl.java:214) ~[na:1.8.0_20]
	at sun.nio.ch.ServerSocketAdaptor.bind(ServerSocketAdaptor.java:74) ~[na:1.8.0_20]
	at org.apache.tomcat.util.net.NioEndpoint.bind(NioEndpoint.java:473) ~[tomcat-embed-core-7.0.55.jar:7.0.55]
	at org.apache.tomcat.util.net.AbstractEndpoint.start(AbstractEndpoint.java:653) ~[tomcat-embed-core-7.0.55.jar:7.0.55]
	at org.apache.coyote.AbstractProtocol.start(AbstractProtocol.java:449) ~[tomcat-embed-core-7.0.55.jar:7.0.55]
	at org.apache.catalina.connector.Connector.startInternal(Connector.java:1007) [tomcat-embed-core-7.0.55.jar:7.0.55]
	at org.apache.catalina.util.LifecycleBase.start(LifecycleBase.java:150) [tomcat-embed-core-7.0.55.jar:7.0.55]
	at org.apache.catalina.core.StandardService.addConnector(StandardService.java:241) [tomcat-embed-core-7.0.55.jar:7.0.55]
	at org.springframework.boot.context.embedded.tomcat.TomcatEmbeddedServletContainer.addPreviouslyRemovedConnectors(TomcatEmbeddedServletContainer.java:175) [spring-boot-1.1.6.RELEASE.jar:1.1.6.RELEASE]
	at org.springframework.boot.context.embedded.tomcat.TomcatEmbeddedServletContainer.start(TomcatEmbeddedServletContainer.java:149) [spring-boot-1.1.6.RELEASE.jar:1.1.6.RELEASE]
	at org.springframework.boot.context.embedded.EmbeddedWebApplicationContext.startEmbeddedServletContainer(EmbeddedWebApplicationContext.java:272) [spring-boot-1.1.6.RELEASE.jar:1.1.6.RELEASE]
	at org.springframework.boot.context.embedded.EmbeddedWebApplicationContext.finishRefresh(EmbeddedWebApplicationContext.java:132) [spring-boot-1.1.6.RELEASE.jar:1.1.6.RELEASE]
	at org.springframework.context.support.AbstractApplicationContext.refresh(AbstractApplicationContext.java:485) [spring-context-4.0.7.RELEASE.jar:4.0.7.RELEASE]
	at org.springframework.boot.context.embedded.EmbeddedWebApplicationContext.refresh(EmbeddedWebApplicationContext.java:109) [spring-boot-1.1.6.RELEASE.jar:1.1.6.RELEASE]
	at org.springframework.boot.SpringApplication.refresh(SpringApplication.java:691) [spring-boot-1.1.6.RELEASE.jar:1.1.6.RELEASE]
	at org.springframework.boot.SpringApplication.run(SpringApplication.java:320) [spring-boot-1.1.6.RELEASE.jar:1.1.6.RELEASE]
	at org.springframework.boot.SpringApplication.run(SpringApplication.java:952) [spring-boot-1.1.6.RELEASE.jar:1.1.6.RELEASE]
	at org.springframework.boot.SpringApplication.run(SpringApplication.java:941) [spring-boot-1.1.6.RELEASE.jar:1.1.6.RELEASE]
	at com.matluba.Application.main(Application.java:26) [classes/:na]
2014-11-25 22:07:13,342 ERROR [main] StandardService: Failed to start connector [Connector[org.apache.coyote.http11.Http11NioProtocol-80]]
org.apache.catalina.LifecycleException: Failed to start component [Connector[org.apache.coyote.http11.Http11NioProtocol-80]]
	at org.apache.catalina.util.LifecycleBase.start(LifecycleBase.java:154) ~[tomcat-embed-core-7.0.55.jar:7.0.55]
	at org.apache.catalina.core.StandardService.addConnector(StandardService.java:241) ~[tomcat-embed-core-7.0.55.jar:7.0.55]
	at org.springframework.boot.context.embedded.tomcat.TomcatEmbeddedServletContainer.addPreviouslyRemovedConnectors(TomcatEmbeddedServletContainer.java:175) [spring-boot-1.1.6.RELEASE.jar:1.1.6.RELEASE]
	at org.springframework.boot.context.embedded.tomcat.TomcatEmbeddedServletContainer.start(TomcatEmbeddedServletContainer.java:149) [spring-boot-1.1.6.RELEASE.jar:1.1.6.RELEASE]
	at org.springframework.boot.context.embedded.EmbeddedWebApplicationContext.startEmbeddedServletContainer(EmbeddedWebApplicationContext.java:272) [spring-boot-1.1.6.RELEASE.jar:1.1.6.RELEASE]
	at org.springframework.boot.context.embedded.EmbeddedWebApplicationContext.finishRefresh(EmbeddedWebApplicationContext.java:132) [spring-boot-1.1.6.RELEASE.jar:1.1.6.RELEASE]
	at org.springframework.context.support.AbstractApplicationContext.refresh(AbstractApplicationContext.java:485) [spring-context-4.0.7.RELEASE.jar:4.0.7.RELEASE]
	at org.springframework.boot.context.embedded.EmbeddedWebApplicationContext.refresh(EmbeddedWebApplicationContext.java:109) [spring-boot-1.1.6.RELEASE.jar:1.1.6.RELEASE]
	at org.springframework.boot.SpringApplication.refresh(SpringApplication.java:691) [spring-boot-1.1.6.RELEASE.jar:1.1.6.RELEASE]
	at org.springframework.boot.SpringApplication.run(SpringApplication.java:320) [spring-boot-1.1.6.RELEASE.jar:1.1.6.RELEASE]
	at org.springframework.boot.SpringApplication.run(SpringApplication.java:952) [spring-boot-1.1.6.RELEASE.jar:1.1.6.RELEASE]
	at org.springframework.boot.SpringApplication.run(SpringApplication.java:941) [spring-boot-1.1.6.RELEASE.jar:1.1.6.RELEASE]
	at com.matluba.Application.main(Application.java:26) [classes/:na]
Caused by: org.apache.catalina.LifecycleException: service.getName(): "Tomcat";  Protocol handler start failed
	at org.apache.catalina.connector.Connector.startInternal(Connector.java:1014) ~[tomcat-embed-core-7.0.55.jar:7.0.55]
	at org.apache.catalina.util.LifecycleBase.start(LifecycleBase.java:150) ~[tomcat-embed-core-7.0.55.jar:7.0.55]
	... 12 common frames omitted
Caused by: java.net.BindException: Address already in use: bind
	at sun.nio.ch.Net.bind0(Native Method) ~[na:1.8.0_20]
	at sun.nio.ch.Net.bind(Net.java:436) ~[na:1.8.0_20]
	at sun.nio.ch.Net.bind(Net.java:428) ~[na:1.8.0_20]
	at sun.nio.ch.ServerSocketChannelImpl.bind(ServerSocketChannelImpl.java:214) ~[na:1.8.0_20]
	at sun.nio.ch.ServerSocketAdaptor.bind(ServerSocketAdaptor.java:74) ~[na:1.8.0_20]
	at org.apache.tomcat.util.net.NioEndpoint.bind(NioEndpoint.java:473) ~[tomcat-embed-core-7.0.55.jar:7.0.55]
	at org.apache.tomcat.util.net.AbstractEndpoint.start(AbstractEndpoint.java:653) ~[tomcat-embed-core-7.0.55.jar:7.0.55]
	at org.apache.coyote.AbstractProtocol.start(AbstractProtocol.java:449) ~[tomcat-embed-core-7.0.55.jar:7.0.55]
	at org.apache.catalina.connector.Connector.startInternal(Connector.java:1007) ~[tomcat-embed-core-7.0.55.jar:7.0.55]
	... 13 common frames omitted
2014-11-25 22:07:13,576 WARN  [main] LifecycleBase: Calling stop() on failed component [Connector[org.apache.coyote.http11.Http11NioProtocol-80]] to trigger clean-up did not complete.
org.apache.catalina.LifecycleException: Failed to stop component [Connector[org.apache.coyote.http11.Http11NioProtocol-80]]
	at org.apache.catalina.util.LifecycleBase.stop(LifecycleBase.java:236) [tomcat-embed-core-7.0.55.jar:7.0.55]
	at org.apache.catalina.util.LifecycleBase.destroy(LifecycleBase.java:272) [tomcat-embed-core-7.0.55.jar:7.0.55]
	at org.apache.catalina.core.StandardService.destroyInternal(StandardService.java:578) [tomcat-embed-core-7.0.55.jar:7.0.55]
	at org.apache.catalina.util.LifecycleBase.destroy(LifecycleBase.java:305) [tomcat-embed-core-7.0.55.jar:7.0.55]
	at org.apache.catalina.core.StandardServer.destroyInternal(StandardServer.java:829) [tomcat-embed-core-7.0.55.jar:7.0.55]
	at org.apache.catalina.util.LifecycleBase.destroy(LifecycleBase.java:305) [tomcat-embed-core-7.0.55.jar:7.0.55]
	at org.apache.catalina.startup.Tomcat.destroy(Tomcat.java:361) [tomcat-embed-core-7.0.55.jar:7.0.55]
	at org.springframework.boot.context.embedded.tomcat.TomcatEmbeddedServletContainer.stop(TomcatEmbeddedServletContainer.java:229) [spring-boot-1.1.6.RELEASE.jar:1.1.6.RELEASE]
	at org.springframework.boot.context.embedded.EmbeddedWebApplicationContext.stopAndReleaseEmbeddedServletContainer(EmbeddedWebApplicationContext.java:279) [spring-boot-1.1.6.RELEASE.jar:1.1.6.RELEASE]
	at org.springframework.boot.context.embedded.EmbeddedWebApplicationContext.refresh(EmbeddedWebApplicationContext.java:112) [spring-boot-1.1.6.RELEASE.jar:1.1.6.RELEASE]
	at org.springframework.boot.SpringApplication.refresh(SpringApplication.java:691) [spring-boot-1.1.6.RELEASE.jar:1.1.6.RELEASE]
	at org.springframework.boot.SpringApplication.run(SpringApplication.java:320) [spring-boot-1.1.6.RELEASE.jar:1.1.6.RELEASE]
	at org.springframework.boot.SpringApplication.run(SpringApplication.java:952) [spring-boot-1.1.6.RELEASE.jar:1.1.6.RELEASE]
	at org.springframework.boot.SpringApplication.run(SpringApplication.java:941) [spring-boot-1.1.6.RELEASE.jar:1.1.6.RELEASE]
	at com.matluba.Application.main(Application.java:26) [classes/:na]
Caused by: org.apache.catalina.LifecycleException: An invalid Lifecycle transition was attempted ([before_stop]) for component [org.apache.catalina.connector.MapperListener@187fff7] in state [INITIALIZED]
	at org.apache.catalina.util.LifecycleBase.invalidTransition(LifecycleBase.java:409) [tomcat-embed-core-7.0.55.jar:7.0.55]
	at org.apache.catalina.util.LifecycleBase.stop(LifecycleBase.java:219) [tomcat-embed-core-7.0.55.jar:7.0.55]
	at org.apache.catalina.connector.Connector.stopInternal(Connector.java:1041) ~[tomcat-embed-core-7.0.55.jar:7.0.55]
	at org.apache.catalina.util.LifecycleBase.stop(LifecycleBase.java:232) [tomcat-embed-core-7.0.55.jar:7.0.55]
	... 14 common frames omitted
2014-11-25 22:07:13,587 ERROR [main] SpringApplication: Application startup failed
java.lang.IllegalStateException: Tomcat connector in failed state
	at org.springframework.boot.context.embedded.tomcat.TomcatEmbeddedServletContainer.start(TomcatEmbeddedServletContainer.java:157) ~[spring-boot-1.1.6.RELEASE.jar:1.1.6.RELEASE]
	at org.springframework.boot.context.embedded.EmbeddedWebApplicationContext.startEmbeddedServletContainer(EmbeddedWebApplicationContext.java:272) ~[spring-boot-1.1.6.RELEASE.jar:1.1.6.RELEASE]
	at org.springframework.boot.context.embedded.EmbeddedWebApplicationContext.finishRefresh(EmbeddedWebApplicationContext.java:132) ~[spring-boot-1.1.6.RELEASE.jar:1.1.6.RELEASE]
	at org.springframework.context.support.AbstractApplicationContext.refresh(AbstractApplicationContext.java:485) ~[spring-context-4.0.7.RELEASE.jar:4.0.7.RELEASE]
	at org.springframework.boot.context.embedded.EmbeddedWebApplicationContext.refresh(EmbeddedWebApplicationContext.java:109) ~[spring-boot-1.1.6.RELEASE.jar:1.1.6.RELEASE]
	at org.springframework.boot.SpringApplication.refresh(SpringApplication.java:691) [spring-boot-1.1.6.RELEASE.jar:1.1.6.RELEASE]
	at org.springframework.boot.SpringApplication.run(SpringApplication.java:320) [spring-boot-1.1.6.RELEASE.jar:1.1.6.RELEASE]
	at org.springframework.boot.SpringApplication.run(SpringApplication.java:952) [spring-boot-1.1.6.RELEASE.jar:1.1.6.RELEASE]
	at org.springframework.boot.SpringApplication.run(SpringApplication.java:941) [spring-boot-1.1.6.RELEASE.jar:1.1.6.RELEASE]
	at com.matluba.Application.main(Application.java:26) [classes/:na]
2014-11-25 22:07:38,661 INFO  [main] Application: Starting Application on jasur-pc with PID 10820 (D:\projects\matluba-website-git\matluba-front\target\classes started by jasurbek.umarov in D:\projects\matluba-website-git\matluba-front)
2014-11-25 22:07:38,669 DEBUG [main] Application: Running with Spring Boot v1.1.6.RELEASE, Spring v4.0.7.RELEASE
2014-11-25 22:07:42,459 DEBUG [main] logging: Logging Provider: org.jboss.logging.Slf4jLoggerProvider
2014-11-25 22:07:42,464 INFO  [main] Version: HV000001: Hibernate Validator 5.0.3.Final
2014-11-25 22:07:42,487 DEBUG [main] DefaultTraversableResolver: Cannot find javax.persistence.Persistence on classpath. Assuming non JPA 2 environment. All properties will per default be traversable.
2014-11-25 22:07:42,494 DEBUG [main] ConfigurationImpl: Setting custom MessageInterpolator of type org.springframework.validation.beanvalidation.LocaleContextMessageInterpolator
2014-11-25 22:07:42,496 DEBUG [main] ConfigurationImpl: Setting custom ConstraintValidatorFactory of type org.springframework.validation.beanvalidation.SpringConstraintValidatorFactory
2014-11-25 22:07:42,514 DEBUG [main] ConfigurationImpl: Setting custom ParameterNameProvider of type com.sun.proxy.$Proxy21
2014-11-25 22:07:42,530 DEBUG [main] ValidationXmlParser: Trying to load META-INF/validation.xml for XML based Validator configuration.
2014-11-25 22:07:42,543 DEBUG [main] ValidationXmlParser: No META-INF/validation.xml found. Using annotation based configuration only.
2014-11-25 22:07:52,913 DEBUG [main] DefaultTraversableResolver: Cannot find javax.persistence.Persistence on classpath. Assuming non JPA 2 environment. All properties will per default be traversable.
2014-11-25 22:07:52,913 DEBUG [main] ConfigurationImpl: Setting custom MessageInterpolator of type org.springframework.validation.beanvalidation.LocaleContextMessageInterpolator
2014-11-25 22:07:52,914 DEBUG [main] ConfigurationImpl: Setting custom ConstraintValidatorFactory of type org.springframework.validation.beanvalidation.SpringConstraintValidatorFactory
2014-11-25 22:07:52,914 DEBUG [main] ConfigurationImpl: Setting custom ParameterNameProvider of type com.sun.proxy.$Proxy21
2014-11-25 22:07:52,915 DEBUG [main] ValidationXmlParser: Trying to load META-INF/validation.xml for XML based Validator configuration.
2014-11-25 22:07:52,916 DEBUG [main] ValidationXmlParser: No META-INF/validation.xml found. Using annotation based configuration only.
2014-11-25 22:07:53,470 ERROR [main] Http11NioProtocol: Failed to start end point associated with ProtocolHandler ["http-nio-80"]
java.net.BindException: Address already in use: bind
	at sun.nio.ch.Net.bind0(Native Method) ~[na:1.8.0_20]
	at sun.nio.ch.Net.bind(Net.java:436) ~[na:1.8.0_20]
	at sun.nio.ch.Net.bind(Net.java:428) ~[na:1.8.0_20]
	at sun.nio.ch.ServerSocketChannelImpl.bind(ServerSocketChannelImpl.java:214) ~[na:1.8.0_20]
	at sun.nio.ch.ServerSocketAdaptor.bind(ServerSocketAdaptor.java:74) ~[na:1.8.0_20]
	at org.apache.tomcat.util.net.NioEndpoint.bind(NioEndpoint.java:473) ~[tomcat-embed-core-7.0.55.jar:7.0.55]
	at org.apache.tomcat.util.net.AbstractEndpoint.start(AbstractEndpoint.java:653) ~[tomcat-embed-core-7.0.55.jar:7.0.55]
	at org.apache.coyote.AbstractProtocol.start(AbstractProtocol.java:449) ~[tomcat-embed-core-7.0.55.jar:7.0.55]
	at org.apache.catalina.connector.Connector.startInternal(Connector.java:1007) [tomcat-embed-core-7.0.55.jar:7.0.55]
	at org.apache.catalina.util.LifecycleBase.start(LifecycleBase.java:150) [tomcat-embed-core-7.0.55.jar:7.0.55]
	at org.apache.catalina.core.StandardService.addConnector(StandardService.java:241) [tomcat-embed-core-7.0.55.jar:7.0.55]
	at org.springframework.boot.context.embedded.tomcat.TomcatEmbeddedServletContainer.addPreviouslyRemovedConnectors(TomcatEmbeddedServletContainer.java:175) [spring-boot-1.1.6.RELEASE.jar:1.1.6.RELEASE]
	at org.springframework.boot.context.embedded.tomcat.TomcatEmbeddedServletContainer.start(TomcatEmbeddedServletContainer.java:149) [spring-boot-1.1.6.RELEASE.jar:1.1.6.RELEASE]
	at org.springframework.boot.context.embedded.EmbeddedWebApplicationContext.startEmbeddedServletContainer(EmbeddedWebApplicationContext.java:272) [spring-boot-1.1.6.RELEASE.jar:1.1.6.RELEASE]
	at org.springframework.boot.context.embedded.EmbeddedWebApplicationContext.finishRefresh(EmbeddedWebApplicationContext.java:132) [spring-boot-1.1.6.RELEASE.jar:1.1.6.RELEASE]
	at org.springframework.context.support.AbstractApplicationContext.refresh(AbstractApplicationContext.java:485) [spring-context-4.0.7.RELEASE.jar:4.0.7.RELEASE]
	at org.springframework.boot.context.embedded.EmbeddedWebApplicationContext.refresh(EmbeddedWebApplicationContext.java:109) [spring-boot-1.1.6.RELEASE.jar:1.1.6.RELEASE]
	at org.springframework.boot.SpringApplication.refresh(SpringApplication.java:691) [spring-boot-1.1.6.RELEASE.jar:1.1.6.RELEASE]
	at org.springframework.boot.SpringApplication.run(SpringApplication.java:320) [spring-boot-1.1.6.RELEASE.jar:1.1.6.RELEASE]
	at org.springframework.boot.SpringApplication.run(SpringApplication.java:952) [spring-boot-1.1.6.RELEASE.jar:1.1.6.RELEASE]
	at org.springframework.boot.SpringApplication.run(SpringApplication.java:941) [spring-boot-1.1.6.RELEASE.jar:1.1.6.RELEASE]
	at com.matluba.Application.main(Application.java:26) [classes/:na]
2014-11-25 22:07:53,473 ERROR [main] StandardService: Failed to start connector [Connector[org.apache.coyote.http11.Http11NioProtocol-80]]
org.apache.catalina.LifecycleException: Failed to start component [Connector[org.apache.coyote.http11.Http11NioProtocol-80]]
	at org.apache.catalina.util.LifecycleBase.start(LifecycleBase.java:154) ~[tomcat-embed-core-7.0.55.jar:7.0.55]
	at org.apache.catalina.core.StandardService.addConnector(StandardService.java:241) ~[tomcat-embed-core-7.0.55.jar:7.0.55]
	at org.springframework.boot.context.embedded.tomcat.TomcatEmbeddedServletContainer.addPreviouslyRemovedConnectors(TomcatEmbeddedServletContainer.java:175) [spring-boot-1.1.6.RELEASE.jar:1.1.6.RELEASE]
	at org.springframework.boot.context.embedded.tomcat.TomcatEmbeddedServletContainer.start(TomcatEmbeddedServletContainer.java:149) [spring-boot-1.1.6.RELEASE.jar:1.1.6.RELEASE]
	at org.springframework.boot.context.embedded.EmbeddedWebApplicationContext.startEmbeddedServletContainer(EmbeddedWebApplicationContext.java:272) [spring-boot-1.1.6.RELEASE.jar:1.1.6.RELEASE]
	at org.springframework.boot.context.embedded.EmbeddedWebApplicationContext.finishRefresh(EmbeddedWebApplicationContext.java:132) [spring-boot-1.1.6.RELEASE.jar:1.1.6.RELEASE]
	at org.springframework.context.support.AbstractApplicationContext.refresh(AbstractApplicationContext.java:485) [spring-context-4.0.7.RELEASE.jar:4.0.7.RELEASE]
	at org.springframework.boot.context.embedded.EmbeddedWebApplicationContext.refresh(EmbeddedWebApplicationContext.java:109) [spring-boot-1.1.6.RELEASE.jar:1.1.6.RELEASE]
	at org.springframework.boot.SpringApplication.refresh(SpringApplication.java:691) [spring-boot-1.1.6.RELEASE.jar:1.1.6.RELEASE]
	at org.springframework.boot.SpringApplication.run(SpringApplication.java:320) [spring-boot-1.1.6.RELEASE.jar:1.1.6.RELEASE]
	at org.springframework.boot.SpringApplication.run(SpringApplication.java:952) [spring-boot-1.1.6.RELEASE.jar:1.1.6.RELEASE]
	at org.springframework.boot.SpringApplication.run(SpringApplication.java:941) [spring-boot-1.1.6.RELEASE.jar:1.1.6.RELEASE]
	at com.matluba.Application.main(Application.java:26) [classes/:na]
Caused by: org.apache.catalina.LifecycleException: service.getName(): "Tomcat";  Protocol handler start failed
	at org.apache.catalina.connector.Connector.startInternal(Connector.java:1014) ~[tomcat-embed-core-7.0.55.jar:7.0.55]
	at org.apache.catalina.util.LifecycleBase.start(LifecycleBase.java:150) ~[tomcat-embed-core-7.0.55.jar:7.0.55]
	... 12 common frames omitted
Caused by: java.net.BindException: Address already in use: bind
	at sun.nio.ch.Net.bind0(Native Method) ~[na:1.8.0_20]
	at sun.nio.ch.Net.bind(Net.java:436) ~[na:1.8.0_20]
	at sun.nio.ch.Net.bind(Net.java:428) ~[na:1.8.0_20]
	at sun.nio.ch.ServerSocketChannelImpl.bind(ServerSocketChannelImpl.java:214) ~[na:1.8.0_20]
	at sun.nio.ch.ServerSocketAdaptor.bind(ServerSocketAdaptor.java:74) ~[na:1.8.0_20]
	at org.apache.tomcat.util.net.NioEndpoint.bind(NioEndpoint.java:473) ~[tomcat-embed-core-7.0.55.jar:7.0.55]
	at org.apache.tomcat.util.net.AbstractEndpoint.start(AbstractEndpoint.java:653) ~[tomcat-embed-core-7.0.55.jar:7.0.55]
	at org.apache.coyote.AbstractProtocol.start(AbstractProtocol.java:449) ~[tomcat-embed-core-7.0.55.jar:7.0.55]
	at org.apache.catalina.connector.Connector.startInternal(Connector.java:1007) ~[tomcat-embed-core-7.0.55.jar:7.0.55]
	... 13 common frames omitted
2014-11-25 22:07:53,570 WARN  [main] LifecycleBase: Calling stop() on failed component [Connector[org.apache.coyote.http11.Http11NioProtocol-80]] to trigger clean-up did not complete.
org.apache.catalina.LifecycleException: Failed to stop component [Connector[org.apache.coyote.http11.Http11NioProtocol-80]]
	at org.apache.catalina.util.LifecycleBase.stop(LifecycleBase.java:236) [tomcat-embed-core-7.0.55.jar:7.0.55]
	at org.apache.catalina.util.LifecycleBase.destroy(LifecycleBase.java:272) [tomcat-embed-core-7.0.55.jar:7.0.55]
	at org.apache.catalina.core.StandardService.destroyInternal(StandardService.java:578) [tomcat-embed-core-7.0.55.jar:7.0.55]
	at org.apache.catalina.util.LifecycleBase.destroy(LifecycleBase.java:305) [tomcat-embed-core-7.0.55.jar:7.0.55]
	at org.apache.catalina.core.StandardServer.destroyInternal(StandardServer.java:829) [tomcat-embed-core-7.0.55.jar:7.0.55]
	at org.apache.catalina.util.LifecycleBase.destroy(LifecycleBase.java:305) [tomcat-embed-core-7.0.55.jar:7.0.55]
	at org.apache.catalina.startup.Tomcat.destroy(Tomcat.java:361) [tomcat-embed-core-7.0.55.jar:7.0.55]
	at org.springframework.boot.context.embedded.tomcat.TomcatEmbeddedServletContainer.stop(TomcatEmbeddedServletContainer.java:229) [spring-boot-1.1.6.RELEASE.jar:1.1.6.RELEASE]
	at org.springframework.boot.context.embedded.EmbeddedWebApplicationContext.stopAndReleaseEmbeddedServletContainer(EmbeddedWebApplicationContext.java:279) [spring-boot-1.1.6.RELEASE.jar:1.1.6.RELEASE]
	at org.springframework.boot.context.embedded.EmbeddedWebApplicationContext.refresh(EmbeddedWebApplicationContext.java:112) [spring-boot-1.1.6.RELEASE.jar:1.1.6.RELEASE]
	at org.springframework.boot.SpringApplication.refresh(SpringApplication.java:691) [spring-boot-1.1.6.RELEASE.jar:1.1.6.RELEASE]
	at org.springframework.boot.SpringApplication.run(SpringApplication.java:320) [spring-boot-1.1.6.RELEASE.jar:1.1.6.RELEASE]
	at org.springframework.boot.SpringApplication.run(SpringApplication.java:952) [spring-boot-1.1.6.RELEASE.jar:1.1.6.RELEASE]
	at org.springframework.boot.SpringApplication.run(SpringApplication.java:941) [spring-boot-1.1.6.RELEASE.jar:1.1.6.RELEASE]
	at com.matluba.Application.main(Application.java:26) [classes/:na]
Caused by: org.apache.catalina.LifecycleException: An invalid Lifecycle transition was attempted ([before_stop]) for component [org.apache.catalina.connector.MapperListener@15cc23a] in state [INITIALIZED]
	at org.apache.catalina.util.LifecycleBase.invalidTransition(LifecycleBase.java:409) [tomcat-embed-core-7.0.55.jar:7.0.55]
	at org.apache.catalina.util.LifecycleBase.stop(LifecycleBase.java:219) [tomcat-embed-core-7.0.55.jar:7.0.55]
	at org.apache.catalina.connector.Connector.stopInternal(Connector.java:1041) ~[tomcat-embed-core-7.0.55.jar:7.0.55]
	at org.apache.catalina.util.LifecycleBase.stop(LifecycleBase.java:232) [tomcat-embed-core-7.0.55.jar:7.0.55]
	... 14 common frames omitted
2014-11-25 22:07:53,575 ERROR [main] SpringApplication: Application startup failed
java.lang.IllegalStateException: Tomcat connector in failed state
	at org.springframework.boot.context.embedded.tomcat.TomcatEmbeddedServletContainer.start(TomcatEmbeddedServletContainer.java:157) ~[spring-boot-1.1.6.RELEASE.jar:1.1.6.RELEASE]
	at org.springframework.boot.context.embedded.EmbeddedWebApplicationContext.startEmbeddedServletContainer(EmbeddedWebApplicationContext.java:272) ~[spring-boot-1.1.6.RELEASE.jar:1.1.6.RELEASE]
	at org.springframework.boot.context.embedded.EmbeddedWebApplicationContext.finishRefresh(EmbeddedWebApplicationContext.java:132) ~[spring-boot-1.1.6.RELEASE.jar:1.1.6.RELEASE]
	at org.springframework.context.support.AbstractApplicationContext.refresh(AbstractApplicationContext.java:485) ~[spring-context-4.0.7.RELEASE.jar:4.0.7.RELEASE]
	at org.springframework.boot.context.embedded.EmbeddedWebApplicationContext.refresh(EmbeddedWebApplicationContext.java:109) ~[spring-boot-1.1.6.RELEASE.jar:1.1.6.RELEASE]
	at org.springframework.boot.SpringApplication.refresh(SpringApplication.java:691) [spring-boot-1.1.6.RELEASE.jar:1.1.6.RELEASE]
	at org.springframework.boot.SpringApplication.run(SpringApplication.java:320) [spring-boot-1.1.6.RELEASE.jar:1.1.6.RELEASE]
	at org.springframework.boot.SpringApplication.run(SpringApplication.java:952) [spring-boot-1.1.6.RELEASE.jar:1.1.6.RELEASE]
	at org.springframework.boot.SpringApplication.run(SpringApplication.java:941) [spring-boot-1.1.6.RELEASE.jar:1.1.6.RELEASE]
	at com.matluba.Application.main(Application.java:26) [classes/:na]
2014-11-25 22:12:49,338 INFO  [main] Application: Starting Application on jasur-pc with PID 11080 (D:\projects\matluba-website-git\matluba-front\target\classes started by jasurbek.umarov in D:\projects\matluba-website-git\matluba-front)
2014-11-25 22:12:49,345 DEBUG [main] Application: Running with Spring Boot v1.1.6.RELEASE, Spring v4.0.7.RELEASE
2014-11-25 22:12:52,818 DEBUG [main] logging: Logging Provider: org.jboss.logging.Slf4jLoggerProvider
2014-11-25 22:12:52,827 INFO  [main] Version: HV000001: Hibernate Validator 5.0.3.Final
2014-11-25 22:12:52,863 DEBUG [main] DefaultTraversableResolver: Cannot find javax.persistence.Persistence on classpath. Assuming non JPA 2 environment. All properties will per default be traversable.
2014-11-25 22:12:52,871 DEBUG [main] ConfigurationImpl: Setting custom MessageInterpolator of type org.springframework.validation.beanvalidation.LocaleContextMessageInterpolator
2014-11-25 22:12:52,872 DEBUG [main] ConfigurationImpl: Setting custom ConstraintValidatorFactory of type org.springframework.validation.beanvalidation.SpringConstraintValidatorFactory
2014-11-25 22:12:52,878 DEBUG [main] ConfigurationImpl: Setting custom ParameterNameProvider of type com.sun.proxy.$Proxy21
2014-11-25 22:12:52,891 DEBUG [main] ValidationXmlParser: Trying to load META-INF/validation.xml for XML based Validator configuration.
2014-11-25 22:12:52,910 DEBUG [main] ValidationXmlParser: No META-INF/validation.xml found. Using annotation based configuration only.
2014-11-25 22:12:59,612 DEBUG [main] DefaultTraversableResolver: Cannot find javax.persistence.Persistence on classpath. Assuming non JPA 2 environment. All properties will per default be traversable.
2014-11-25 22:12:59,612 DEBUG [main] ConfigurationImpl: Setting custom MessageInterpolator of type org.springframework.validation.beanvalidation.LocaleContextMessageInterpolator
2014-11-25 22:12:59,612 DEBUG [main] ConfigurationImpl: Setting custom ConstraintValidatorFactory of type org.springframework.validation.beanvalidation.SpringConstraintValidatorFactory
2014-11-25 22:12:59,613 DEBUG [main] ConfigurationImpl: Setting custom ParameterNameProvider of type com.sun.proxy.$Proxy21
2014-11-25 22:12:59,614 DEBUG [main] ValidationXmlParser: Trying to load META-INF/validation.xml for XML based Validator configuration.
2014-11-25 22:12:59,615 DEBUG [main] ValidationXmlParser: No META-INF/validation.xml found. Using annotation based configuration only.
2014-11-25 22:13:00,199 INFO  [main] Application: Started Application in 11.946 seconds (JVM running for 14.175)
2014-11-25 22:16:53,017 INFO  [main] Application: Starting Application on jasur-pc with PID 9624 (D:\projects\matluba-website-git\matluba-front\target\classes started by jasurbek.umarov in D:\projects\matluba-website-git\matluba-front)
2014-11-25 22:16:53,024 DEBUG [main] Application: Running with Spring Boot v1.1.6.RELEASE, Spring v4.0.7.RELEASE
2014-11-25 22:16:56,608 DEBUG [main] logging: Logging Provider: org.jboss.logging.Slf4jLoggerProvider
2014-11-25 22:16:56,613 INFO  [main] Version: HV000001: Hibernate Validator 5.0.3.Final
2014-11-25 22:16:56,643 DEBUG [main] DefaultTraversableResolver: Cannot find javax.persistence.Persistence on classpath. Assuming non JPA 2 environment. All properties will per default be traversable.
2014-11-25 22:16:56,650 DEBUG [main] ConfigurationImpl: Setting custom MessageInterpolator of type org.springframework.validation.beanvalidation.LocaleContextMessageInterpolator
2014-11-25 22:16:56,652 DEBUG [main] ConfigurationImpl: Setting custom ConstraintValidatorFactory of type org.springframework.validation.beanvalidation.SpringConstraintValidatorFactory
2014-11-25 22:16:56,657 DEBUG [main] ConfigurationImpl: Setting custom ParameterNameProvider of type com.sun.proxy.$Proxy21
2014-11-25 22:16:56,671 DEBUG [main] ValidationXmlParser: Trying to load META-INF/validation.xml for XML based Validator configuration.
2014-11-25 22:16:56,685 DEBUG [main] ValidationXmlParser: No META-INF/validation.xml found. Using annotation based configuration only.
2014-11-25 22:17:03,106 DEBUG [main] DefaultTraversableResolver: Cannot find javax.persistence.Persistence on classpath. Assuming non JPA 2 environment. All properties will per default be traversable.
2014-11-25 22:17:03,106 DEBUG [main] ConfigurationImpl: Setting custom MessageInterpolator of type org.springframework.validation.beanvalidation.LocaleContextMessageInterpolator
2014-11-25 22:17:03,106 DEBUG [main] ConfigurationImpl: Setting custom ConstraintValidatorFactory of type org.springframework.validation.beanvalidation.SpringConstraintValidatorFactory
2014-11-25 22:17:03,107 DEBUG [main] ConfigurationImpl: Setting custom ParameterNameProvider of type com.sun.proxy.$Proxy21
2014-11-25 22:17:03,108 DEBUG [main] ValidationXmlParser: Trying to load META-INF/validation.xml for XML based Validator configuration.
2014-11-25 22:17:03,109 DEBUG [main] ValidationXmlParser: No META-INF/validation.xml found. Using annotation based configuration only.
2014-11-25 22:17:03,648 INFO  [main] Application: Started Application in 11.82 seconds (JVM running for 13.917)
2014-11-25 22:18:41,539 INFO  [main] Application: Starting Application on jasur-pc with PID 8780 (D:\projects\matluba-website-git\matluba-front\target\classes started by jasurbek.umarov in D:\projects\matluba-website-git\matluba-front)
2014-11-25 22:18:41,546 DEBUG [main] Application: Running with Spring Boot v1.1.6.RELEASE, Spring v4.0.7.RELEASE
2014-11-25 22:18:44,847 DEBUG [main] logging: Logging Provider: org.jboss.logging.Slf4jLoggerProvider
2014-11-25 22:18:44,855 INFO  [main] Version: HV000001: Hibernate Validator 5.0.3.Final
2014-11-25 22:18:44,891 DEBUG [main] DefaultTraversableResolver: Cannot find javax.persistence.Persistence on classpath. Assuming non JPA 2 environment. All properties will per default be traversable.
2014-11-25 22:18:44,898 DEBUG [main] ConfigurationImpl: Setting custom MessageInterpolator of type org.springframework.validation.beanvalidation.LocaleContextMessageInterpolator
2014-11-25 22:18:44,899 DEBUG [main] ConfigurationImpl: Setting custom ConstraintValidatorFactory of type org.springframework.validation.beanvalidation.SpringConstraintValidatorFactory
2014-11-25 22:18:44,914 DEBUG [main] ConfigurationImpl: Setting custom ParameterNameProvider of type com.sun.proxy.$Proxy21
2014-11-25 22:18:44,928 DEBUG [main] ValidationXmlParser: Trying to load META-INF/validation.xml for XML based Validator configuration.
2014-11-25 22:18:44,942 DEBUG [main] ValidationXmlParser: No META-INF/validation.xml found. Using annotation based configuration only.
2014-11-25 22:18:52,672 DEBUG [main] DefaultTraversableResolver: Cannot find javax.persistence.Persistence on classpath. Assuming non JPA 2 environment. All properties will per default be traversable.
2014-11-25 22:18:52,672 DEBUG [main] ConfigurationImpl: Setting custom MessageInterpolator of type org.springframework.validation.beanvalidation.LocaleContextMessageInterpolator
2014-11-25 22:18:52,672 DEBUG [main] ConfigurationImpl: Setting custom ConstraintValidatorFactory of type org.springframework.validation.beanvalidation.SpringConstraintValidatorFactory
2014-11-25 22:18:52,673 DEBUG [main] ConfigurationImpl: Setting custom ParameterNameProvider of type com.sun.proxy.$Proxy21
2014-11-25 22:18:52,674 DEBUG [main] ValidationXmlParser: Trying to load META-INF/validation.xml for XML based Validator configuration.
2014-11-25 22:18:52,675 DEBUG [main] ValidationXmlParser: No META-INF/validation.xml found. Using annotation based configuration only.
2014-11-25 22:18:53,349 INFO  [main] Application: Started Application in 13.313 seconds (JVM running for 15.699)
2014-11-25 22:26:41,458 INFO  [main] Application: Starting Application on jasur-pc with PID 4628 (D:\projects\matluba-website-git\matluba-front\target\classes started by jasurbek.umarov in D:\projects\matluba-website-git\matluba-front)
2014-11-25 22:26:41,464 DEBUG [main] Application: Running with Spring Boot v1.1.6.RELEASE, Spring v4.0.7.RELEASE
2014-11-25 22:26:41,603 INFO  [main] AnnotationConfigEmbeddedWebApplicationContext: Refreshing org.springframework.boot.context.embedded.AnnotationConfigEmbeddedWebApplicationContext@1147d0: startup date [Tue Nov 25 22:26:41 PST 2014]; root of context hierarchy
2014-11-25 22:26:44,207 INFO  [main] DefaultListableBeanFactory: Overriding bean definition for bean 'beanNameViewResolver': replacing [Root bean: class [null]; scope=; abstract=false; lazyInit=false; autowireMode=3; dependencyCheck=0; autowireCandidate=true; primary=false; factoryBeanName=org.springframework.boot.autoconfigure.web.ErrorMvcAutoConfiguration$WhitelabelErrorViewConfiguration; factoryMethodName=beanNameViewResolver; initMethodName=null; destroyMethodName=(inferred); defined in class path resource [org/springframework/boot/autoconfigure/web/ErrorMvcAutoConfiguration$WhitelabelErrorViewConfiguration.class]] with [Root bean: class [null]; scope=; abstract=false; lazyInit=false; autowireMode=3; dependencyCheck=0; autowireCandidate=true; primary=false; factoryBeanName=org.springframework.boot.autoconfigure.web.WebMvcAutoConfiguration$WebMvcAutoConfigurationAdapter; factoryMethodName=beanNameViewResolver; initMethodName=null; destroyMethodName=(inferred); defined in class path resource [org/springframework/boot/autoconfigure/web/WebMvcAutoConfiguration$WebMvcAutoConfigurationAdapter.class]]
2014-11-25 22:26:45,434 DEBUG [main] logging: Logging Provider: org.jboss.logging.Slf4jLoggerProvider
2014-11-25 22:26:45,439 INFO  [main] Version: HV000001: Hibernate Validator 5.0.3.Final
2014-11-25 22:26:45,475 DEBUG [main] DefaultTraversableResolver: Cannot find javax.persistence.Persistence on classpath. Assuming non JPA 2 environment. All properties will per default be traversable.
2014-11-25 22:26:45,482 DEBUG [main] ConfigurationImpl: Setting custom MessageInterpolator of type org.springframework.validation.beanvalidation.LocaleContextMessageInterpolator
2014-11-25 22:26:45,484 DEBUG [main] ConfigurationImpl: Setting custom ConstraintValidatorFactory of type org.springframework.validation.beanvalidation.SpringConstraintValidatorFactory
2014-11-25 22:26:45,489 DEBUG [main] ConfigurationImpl: Setting custom ParameterNameProvider of type com.sun.proxy.$Proxy21
2014-11-25 22:26:45,504 DEBUG [main] ValidationXmlParser: Trying to load META-INF/validation.xml for XML based Validator configuration.
2014-11-25 22:26:45,518 DEBUG [main] ValidationXmlParser: No META-INF/validation.xml found. Using annotation based configuration only.
2014-11-25 22:26:47,178 INFO  [main] TomcatEmbeddedServletContainerFactory: Server initialized with port: 8081
2014-11-25 22:26:50,488 INFO  [localhost-startStop-1] ServletRegistrationBean: Mapping servlet: 'dispatcherServlet' to [/]
2014-11-25 22:26:50,494 INFO  [localhost-startStop-1] FilterRegistrationBean: Mapping filter: 'hiddenHttpMethodFilter' to: [/*]
2014-11-25 22:26:52,596 DEBUG [main] DefaultTraversableResolver: Cannot find javax.persistence.Persistence on classpath. Assuming non JPA 2 environment. All properties will per default be traversable.
2014-11-25 22:26:52,596 DEBUG [main] ConfigurationImpl: Setting custom MessageInterpolator of type org.springframework.validation.beanvalidation.LocaleContextMessageInterpolator
2014-11-25 22:26:52,597 DEBUG [main] ConfigurationImpl: Setting custom ConstraintValidatorFactory of type org.springframework.validation.beanvalidation.SpringConstraintValidatorFactory
2014-11-25 22:26:52,597 DEBUG [main] ConfigurationImpl: Setting custom ParameterNameProvider of type com.sun.proxy.$Proxy21
2014-11-25 22:26:52,598 DEBUG [main] ValidationXmlParser: Trying to load META-INF/validation.xml for XML based Validator configuration.
2014-11-25 22:26:52,599 DEBUG [main] ValidationXmlParser: No META-INF/validation.xml found. Using annotation based configuration only.
2014-11-25 22:26:52,985 INFO  [main] AnnotationMBeanExporter: Registering beans for JMX exposure on startup
2014-11-25 22:26:53,176 INFO  [main] TomcatEmbeddedServletContainer: Tomcat started on port(s): 8081/http
2014-11-25 22:26:53,180 INFO  [main] Application: Started Application in 12.823 seconds (JVM running for 15.025)
2014-11-25 22:27:57,530 INFO  [main] Application: Starting Application on jasur-pc with PID 5244 (D:\projects\matluba-website-git\matluba-front\target\classes started by jasurbek.umarov in D:\projects\matluba-website-git\matluba-front)
2014-11-25 22:27:57,542 DEBUG [main] Application: Running with Spring Boot v1.1.6.RELEASE, Spring v4.0.7.RELEASE
2014-11-25 22:27:57,764 INFO  [main] AnnotationConfigEmbeddedWebApplicationContext: Refreshing org.springframework.boot.context.embedded.AnnotationConfigEmbeddedWebApplicationContext@148a24a: startup date [Tue Nov 25 22:27:57 PST 2014]; root of context hierarchy
2014-11-25 22:28:00,778 INFO  [main] DefaultListableBeanFactory: Overriding bean definition for bean 'beanNameViewResolver': replacing [Root bean: class [null]; scope=; abstract=false; lazyInit=false; autowireMode=3; dependencyCheck=0; autowireCandidate=true; primary=false; factoryBeanName=org.springframework.boot.autoconfigure.web.ErrorMvcAutoConfiguration$WhitelabelErrorViewConfiguration; factoryMethodName=beanNameViewResolver; initMethodName=null; destroyMethodName=(inferred); defined in class path resource [org/springframework/boot/autoconfigure/web/ErrorMvcAutoConfiguration$WhitelabelErrorViewConfiguration.class]] with [Root bean: class [null]; scope=; abstract=false; lazyInit=false; autowireMode=3; dependencyCheck=0; autowireCandidate=true; primary=false; factoryBeanName=org.springframework.boot.autoconfigure.web.WebMvcAutoConfiguration$WebMvcAutoConfigurationAdapter; factoryMethodName=beanNameViewResolver; initMethodName=null; destroyMethodName=(inferred); defined in class path resource [org/springframework/boot/autoconfigure/web/WebMvcAutoConfiguration$WebMvcAutoConfigurationAdapter.class]]
2014-11-25 22:28:02,125 DEBUG [main] logging: Logging Provider: org.jboss.logging.Slf4jLoggerProvider
2014-11-25 22:28:02,133 INFO  [main] Version: HV000001: Hibernate Validator 5.0.3.Final
2014-11-25 22:28:02,168 DEBUG [main] DefaultTraversableResolver: Cannot find javax.persistence.Persistence on classpath. Assuming non JPA 2 environment. All properties will per default be traversable.
2014-11-25 22:28:02,177 DEBUG [main] ConfigurationImpl: Setting custom MessageInterpolator of type org.springframework.validation.beanvalidation.LocaleContextMessageInterpolator
2014-11-25 22:28:02,180 DEBUG [main] ConfigurationImpl: Setting custom ConstraintValidatorFactory of type org.springframework.validation.beanvalidation.SpringConstraintValidatorFactory
2014-11-25 22:28:02,188 DEBUG [main] ConfigurationImpl: Setting custom ParameterNameProvider of type com.sun.proxy.$Proxy21
2014-11-25 22:28:02,208 DEBUG [main] ValidationXmlParser: Trying to load META-INF/validation.xml for XML based Validator configuration.
2014-11-25 22:28:02,241 DEBUG [main] ValidationXmlParser: No META-INF/validation.xml found. Using annotation based configuration only.
2014-11-25 22:28:04,512 INFO  [main] TomcatEmbeddedServletContainerFactory: Server initialized with port: 8081
2014-11-25 22:28:09,062 INFO  [localhost-startStop-1] ServletRegistrationBean: Mapping servlet: 'dispatcherServlet' to [/]
2014-11-25 22:28:09,073 INFO  [localhost-startStop-1] FilterRegistrationBean: Mapping filter: 'hiddenHttpMethodFilter' to: [/*]
2014-11-25 22:28:11,312 DEBUG [main] DefaultTraversableResolver: Cannot find javax.persistence.Persistence on classpath. Assuming non JPA 2 environment. All properties will per default be traversable.
2014-11-25 22:28:11,312 DEBUG [main] ConfigurationImpl: Setting custom MessageInterpolator of type org.springframework.validation.beanvalidation.LocaleContextMessageInterpolator
2014-11-25 22:28:11,312 DEBUG [main] ConfigurationImpl: Setting custom ConstraintValidatorFactory of type org.springframework.validation.beanvalidation.SpringConstraintValidatorFactory
2014-11-25 22:28:11,312 DEBUG [main] ConfigurationImpl: Setting custom ParameterNameProvider of type com.sun.proxy.$Proxy21
2014-11-25 22:28:11,313 DEBUG [main] ValidationXmlParser: Trying to load META-INF/validation.xml for XML based Validator configuration.
2014-11-25 22:28:11,315 DEBUG [main] ValidationXmlParser: No META-INF/validation.xml found. Using annotation based configuration only.
2014-11-25 22:28:11,842 INFO  [main] AnnotationMBeanExporter: Registering beans for JMX exposure on startup
2014-11-25 22:28:12,129 INFO  [main] TomcatEmbeddedServletContainer: Tomcat started on port(s): 8081/http
2014-11-25 22:28:12,132 INFO  [main] Application: Started Application in 16.009 seconds (JVM running for 19.946)
2014-11-25 22:38:14,260 INFO  [main] Application: Starting Application on jasur-pc with PID 5956 (D:\projects\matluba-website-git\matluba-front\target\classes started by jasurbek.umarov in D:\projects\matluba-website-git\matluba-front)
2014-11-25 22:38:14,269 DEBUG [main] Application: Running with Spring Boot v1.1.6.RELEASE, Spring v4.0.7.RELEASE
2014-11-25 22:38:14,615 INFO  [main] AnnotationConfigEmbeddedWebApplicationContext: Refreshing org.springframework.boot.context.embedded.AnnotationConfigEmbeddedWebApplicationContext@148a24a: startup date [Tue Nov 25 22:38:14 PST 2014]; root of context hierarchy
2014-11-25 22:38:18,970 INFO  [main] DefaultListableBeanFactory: Overriding bean definition for bean 'beanNameViewResolver': replacing [Root bean: class [null]; scope=; abstract=false; lazyInit=false; autowireMode=3; dependencyCheck=0; autowireCandidate=true; primary=false; factoryBeanName=org.springframework.boot.autoconfigure.web.ErrorMvcAutoConfiguration$WhitelabelErrorViewConfiguration; factoryMethodName=beanNameViewResolver; initMethodName=null; destroyMethodName=(inferred); defined in class path resource [org/springframework/boot/autoconfigure/web/ErrorMvcAutoConfiguration$WhitelabelErrorViewConfiguration.class]] with [Root bean: class [null]; scope=; abstract=false; lazyInit=false; autowireMode=3; dependencyCheck=0; autowireCandidate=true; primary=false; factoryBeanName=org.springframework.boot.autoconfigure.web.WebMvcAutoConfiguration$WebMvcAutoConfigurationAdapter; factoryMethodName=beanNameViewResolver; initMethodName=null; destroyMethodName=(inferred); defined in class path resource [org/springframework/boot/autoconfigure/web/WebMvcAutoConfiguration$WebMvcAutoConfigurationAdapter.class]]
2014-11-25 22:38:21,067 DEBUG [main] logging: Logging Provider: org.jboss.logging.Slf4jLoggerProvider
2014-11-25 22:38:21,073 INFO  [main] Version: HV000001: Hibernate Validator 5.0.3.Final
2014-11-25 22:38:21,106 DEBUG [main] DefaultTraversableResolver: Cannot find javax.persistence.Persistence on classpath. Assuming non JPA 2 environment. All properties will per default be traversable.
2014-11-25 22:38:21,115 DEBUG [main] ConfigurationImpl: Setting custom MessageInterpolator of type org.springframework.validation.beanvalidation.LocaleContextMessageInterpolator
2014-11-25 22:38:21,116 DEBUG [main] ConfigurationImpl: Setting custom ConstraintValidatorFactory of type org.springframework.validation.beanvalidation.SpringConstraintValidatorFactory
2014-11-25 22:38:21,123 DEBUG [main] ConfigurationImpl: Setting custom ParameterNameProvider of type com.sun.proxy.$Proxy21
2014-11-25 22:38:21,151 DEBUG [main] ValidationXmlParser: Trying to load META-INF/validation.xml for XML based Validator configuration.
2014-11-25 22:38:21,176 DEBUG [main] ValidationXmlParser: No META-INF/validation.xml found. Using annotation based configuration only.
2014-11-25 22:38:25,301 INFO  [main] TomcatEmbeddedServletContainerFactory: Server initialized with port: 8081
2014-11-25 22:38:29,926 INFO  [localhost-startStop-1] ServletRegistrationBean: Mapping servlet: 'dispatcherServlet' to [/]
2014-11-25 22:38:29,933 INFO  [localhost-startStop-1] FilterRegistrationBean: Mapping filter: 'hiddenHttpMethodFilter' to: [/*]
2014-11-25 22:38:33,292 DEBUG [main] DefaultTraversableResolver: Cannot find javax.persistence.Persistence on classpath. Assuming non JPA 2 environment. All properties will per default be traversable.
2014-11-25 22:38:33,292 DEBUG [main] ConfigurationImpl: Setting custom MessageInterpolator of type org.springframework.validation.beanvalidation.LocaleContextMessageInterpolator
2014-11-25 22:38:33,292 DEBUG [main] ConfigurationImpl: Setting custom ConstraintValidatorFactory of type org.springframework.validation.beanvalidation.SpringConstraintValidatorFactory
2014-11-25 22:38:33,293 DEBUG [main] ConfigurationImpl: Setting custom ParameterNameProvider of type com.sun.proxy.$Proxy21
2014-11-25 22:38:33,295 DEBUG [main] ValidationXmlParser: Trying to load META-INF/validation.xml for XML based Validator configuration.
2014-11-25 22:38:33,297 DEBUG [main] ValidationXmlParser: No META-INF/validation.xml found. Using annotation based configuration only.
2014-11-25 22:38:33,869 INFO  [main] AnnotationMBeanExporter: Registering beans for JMX exposure on startup
2014-11-25 22:38:34,284 INFO  [main] TomcatEmbeddedServletContainer: Tomcat started on port(s): 8081/http
2014-11-25 22:38:34,289 INFO  [main] Application: Started Application in 22.107 seconds (JVM running for 29.28)
2014-11-25 22:58:43,768 INFO  [main] Application: Starting Application on jasur-pc with PID 4792 (D:\projects\matluba-website-git\matluba-front\target\classes started by jasurbek.umarov in D:\projects\matluba-website-git\matluba-front)
2014-11-25 22:58:43,777 DEBUG [main] Application: Running with Spring Boot v1.1.6.RELEASE, Spring v4.0.7.RELEASE
2014-11-25 22:58:43,931 INFO  [main] AnnotationConfigEmbeddedWebApplicationContext: Refreshing org.springframework.boot.context.embedded.AnnotationConfigEmbeddedWebApplicationContext@148a24a: startup date [Tue Nov 25 22:58:43 PST 2014]; root of context hierarchy
2014-11-25 22:58:46,949 INFO  [main] DefaultListableBeanFactory: Overriding bean definition for bean 'beanNameViewResolver': replacing [Root bean: class [null]; scope=; abstract=false; lazyInit=false; autowireMode=3; dependencyCheck=0; autowireCandidate=true; primary=false; factoryBeanName=org.springframework.boot.autoconfigure.web.ErrorMvcAutoConfiguration$WhitelabelErrorViewConfiguration; factoryMethodName=beanNameViewResolver; initMethodName=null; destroyMethodName=(inferred); defined in class path resource [org/springframework/boot/autoconfigure/web/ErrorMvcAutoConfiguration$WhitelabelErrorViewConfiguration.class]] with [Root bean: class [null]; scope=; abstract=false; lazyInit=false; autowireMode=3; dependencyCheck=0; autowireCandidate=true; primary=false; factoryBeanName=org.springframework.boot.autoconfigure.web.WebMvcAutoConfiguration$WebMvcAutoConfigurationAdapter; factoryMethodName=beanNameViewResolver; initMethodName=null; destroyMethodName=(inferred); defined in class path resource [org/springframework/boot/autoconfigure/web/WebMvcAutoConfiguration$WebMvcAutoConfigurationAdapter.class]]
2014-11-25 22:58:48,032 DEBUG [main] logging: Logging Provider: org.jboss.logging.Slf4jLoggerProvider
2014-11-25 22:58:48,038 INFO  [main] Version: HV000001: Hibernate Validator 5.0.3.Final
2014-11-25 22:58:48,069 DEBUG [main] DefaultTraversableResolver: Cannot find javax.persistence.Persistence on classpath. Assuming non JPA 2 environment. All properties will per default be traversable.
2014-11-25 22:58:48,077 DEBUG [main] ConfigurationImpl: Setting custom MessageInterpolator of type org.springframework.validation.beanvalidation.LocaleContextMessageInterpolator
2014-11-25 22:58:48,079 DEBUG [main] ConfigurationImpl: Setting custom ConstraintValidatorFactory of type org.springframework.validation.beanvalidation.SpringConstraintValidatorFactory
2014-11-25 22:58:48,085 DEBUG [main] ConfigurationImpl: Setting custom ParameterNameProvider of type com.sun.proxy.$Proxy21
2014-11-25 22:58:48,102 DEBUG [main] ValidationXmlParser: Trying to load META-INF/validation.xml for XML based Validator configuration.
2014-11-25 22:58:48,121 DEBUG [main] ValidationXmlParser: No META-INF/validation.xml found. Using annotation based configuration only.
2014-11-25 22:58:50,123 INFO  [main] TomcatEmbeddedServletContainerFactory: Server initialized with port: 8081
2014-11-25 22:58:53,830 INFO  [localhost-startStop-1] ServletRegistrationBean: Mapping servlet: 'dispatcherServlet' to [/]
2014-11-25 22:58:53,837 INFO  [localhost-startStop-1] FilterRegistrationBean: Mapping filter: 'hiddenHttpMethodFilter' to: [/*]
2014-11-25 22:58:55,792 DEBUG [main] DefaultTraversableResolver: Cannot find javax.persistence.Persistence on classpath. Assuming non JPA 2 environment. All properties will per default be traversable.
2014-11-25 22:58:55,792 DEBUG [main] ConfigurationImpl: Setting custom MessageInterpolator of type org.springframework.validation.beanvalidation.LocaleContextMessageInterpolator
2014-11-25 22:58:55,792 DEBUG [main] ConfigurationImpl: Setting custom ConstraintValidatorFactory of type org.springframework.validation.beanvalidation.SpringConstraintValidatorFactory
2014-11-25 22:58:55,792 DEBUG [main] ConfigurationImpl: Setting custom ParameterNameProvider of type com.sun.proxy.$Proxy21
2014-11-25 22:58:55,793 DEBUG [main] ValidationXmlParser: Trying to load META-INF/validation.xml for XML based Validator configuration.
2014-11-25 22:58:55,794 DEBUG [main] ValidationXmlParser: No META-INF/validation.xml found. Using annotation based configuration only.
2014-11-25 22:58:56,235 INFO  [main] AnnotationMBeanExporter: Registering beans for JMX exposure on startup
2014-11-25 22:58:56,471 INFO  [main] TomcatEmbeddedServletContainer: Tomcat started on port(s): 8081/http
2014-11-25 22:58:56,475 INFO  [main] Application: Started Application in 14.139 seconds (JVM running for 19.726)
2014-11-25 23:12:57,720 INFO  [main] Application: Starting Application on jasur-pc with PID 8448 (D:\projects\matluba-website-git\matluba-front\target\classes started by jasurbek.umarov in D:\projects\matluba-website-git\matluba-front)
2014-11-25 23:12:57,726 DEBUG [main] Application: Running with Spring Boot v1.1.6.RELEASE, Spring v4.0.7.RELEASE
2014-11-25 23:12:57,865 INFO  [main] AnnotationConfigEmbeddedWebApplicationContext: Refreshing org.springframework.boot.context.embedded.AnnotationConfigEmbeddedWebApplicationContext@405818: startup date [Tue Nov 25 23:12:57 PST 2014]; root of context hierarchy
2014-11-25 23:12:59,615 INFO  [main] DefaultListableBeanFactory: Overriding bean definition for bean 'beanNameViewResolver': replacing [Root bean: class [null]; scope=; abstract=false; lazyInit=false; autowireMode=3; dependencyCheck=0; autowireCandidate=true; primary=false; factoryBeanName=org.springframework.boot.autoconfigure.web.ErrorMvcAutoConfiguration$WhitelabelErrorViewConfiguration; factoryMethodName=beanNameViewResolver; initMethodName=null; destroyMethodName=(inferred); defined in class path resource [org/springframework/boot/autoconfigure/web/ErrorMvcAutoConfiguration$WhitelabelErrorViewConfiguration.class]] with [Root bean: class [null]; scope=; abstract=false; lazyInit=false; autowireMode=3; dependencyCheck=0; autowireCandidate=true; primary=false; factoryBeanName=org.springframework.boot.autoconfigure.web.WebMvcAutoConfiguration$WebMvcAutoConfigurationAdapter; factoryMethodName=beanNameViewResolver; initMethodName=null; destroyMethodName=(inferred); defined in class path resource [org/springframework/boot/autoconfigure/web/WebMvcAutoConfiguration$WebMvcAutoConfigurationAdapter.class]]
2014-11-25 23:13:00,538 DEBUG [main] logging: Logging Provider: org.jboss.logging.Slf4jLoggerProvider
2014-11-25 23:13:00,543 INFO  [main] Version: HV000001: Hibernate Validator 5.0.3.Final
2014-11-25 23:13:00,567 DEBUG [main] DefaultTraversableResolver: Cannot find javax.persistence.Persistence on classpath. Assuming non JPA 2 environment. All properties will per default be traversable.
2014-11-25 23:13:00,573 DEBUG [main] ConfigurationImpl: Setting custom MessageInterpolator of type org.springframework.validation.beanvalidation.LocaleContextMessageInterpolator
2014-11-25 23:13:00,580 DEBUG [main] ConfigurationImpl: Setting custom ConstraintValidatorFactory of type org.springframework.validation.beanvalidation.SpringConstraintValidatorFactory
2014-11-25 23:13:00,587 DEBUG [main] ConfigurationImpl: Setting custom ParameterNameProvider of type com.sun.proxy.$Proxy21
2014-11-25 23:13:00,599 DEBUG [main] ValidationXmlParser: Trying to load META-INF/validation.xml for XML based Validator configuration.
2014-11-25 23:13:00,612 DEBUG [main] ValidationXmlParser: No META-INF/validation.xml found. Using annotation based configuration only.
2014-11-25 23:13:02,056 INFO  [main] TomcatEmbeddedServletContainerFactory: Server initialized with port: 8081
2014-11-25 23:13:06,508 INFO  [localhost-startStop-1] ServletRegistrationBean: Mapping servlet: 'dispatcherServlet' to [/]
2014-11-25 23:13:06,514 INFO  [localhost-startStop-1] FilterRegistrationBean: Mapping filter: 'hiddenHttpMethodFilter' to: [/*]
2014-11-25 23:13:08,043 DEBUG [main] DefaultTraversableResolver: Cannot find javax.persistence.Persistence on classpath. Assuming non JPA 2 environment. All properties will per default be traversable.
2014-11-25 23:13:08,043 DEBUG [main] ConfigurationImpl: Setting custom MessageInterpolator of type org.springframework.validation.beanvalidation.LocaleContextMessageInterpolator
2014-11-25 23:13:08,043 DEBUG [main] ConfigurationImpl: Setting custom ConstraintValidatorFactory of type org.springframework.validation.beanvalidation.SpringConstraintValidatorFactory
2014-11-25 23:13:08,044 DEBUG [main] ConfigurationImpl: Setting custom ParameterNameProvider of type com.sun.proxy.$Proxy21
2014-11-25 23:13:08,044 DEBUG [main] ValidationXmlParser: Trying to load META-INF/validation.xml for XML based Validator configuration.
2014-11-25 23:13:08,045 DEBUG [main] ValidationXmlParser: No META-INF/validation.xml found. Using annotation based configuration only.
2014-11-25 23:13:08,367 INFO  [main] AnnotationMBeanExporter: Registering beans for JMX exposure on startup
2014-11-25 23:13:08,668 INFO  [main] TomcatEmbeddedServletContainer: Tomcat started on port(s): 8081/http
2014-11-25 23:13:08,671 INFO  [main] Application: Started Application in 11.99 seconds (JVM running for 15.059)
2014-11-25 23:18:56,701 INFO  [main] Application: Starting Application on jasur-pc with PID 1484 (D:\projects\matluba-website-git\matluba-front\target\classes started by jasurbek.umarov in D:\projects\matluba-website-git\matluba-front)
2014-11-25 23:18:56,714 DEBUG [main] Application: Running with Spring Boot v1.1.6.RELEASE, Spring v4.0.7.RELEASE
2014-11-25 23:18:56,869 INFO  [main] AnnotationConfigEmbeddedWebApplicationContext: Refreshing org.springframework.boot.context.embedded.AnnotationConfigEmbeddedWebApplicationContext@405818: startup date [Tue Nov 25 23:18:56 PST 2014]; root of context hierarchy
2014-11-25 23:18:59,130 INFO  [main] DefaultListableBeanFactory: Overriding bean definition for bean 'beanNameViewResolver': replacing [Root bean: class [null]; scope=; abstract=false; lazyInit=false; autowireMode=3; dependencyCheck=0; autowireCandidate=true; primary=false; factoryBeanName=org.springframework.boot.autoconfigure.web.ErrorMvcAutoConfiguration$WhitelabelErrorViewConfiguration; factoryMethodName=beanNameViewResolver; initMethodName=null; destroyMethodName=(inferred); defined in class path resource [org/springframework/boot/autoconfigure/web/ErrorMvcAutoConfiguration$WhitelabelErrorViewConfiguration.class]] with [Root bean: class [null]; scope=; abstract=false; lazyInit=false; autowireMode=3; dependencyCheck=0; autowireCandidate=true; primary=false; factoryBeanName=org.springframework.boot.autoconfigure.web.WebMvcAutoConfiguration$WebMvcAutoConfigurationAdapter; factoryMethodName=beanNameViewResolver; initMethodName=null; destroyMethodName=(inferred); defined in class path resource [org/springframework/boot/autoconfigure/web/WebMvcAutoConfiguration$WebMvcAutoConfigurationAdapter.class]]
2014-11-25 23:19:00,046 DEBUG [main] logging: Logging Provider: org.jboss.logging.Slf4jLoggerProvider
2014-11-25 23:19:00,051 INFO  [main] Version: HV000001: Hibernate Validator 5.0.3.Final
2014-11-25 23:19:00,075 DEBUG [main] DefaultTraversableResolver: Cannot find javax.persistence.Persistence on classpath. Assuming non JPA 2 environment. All properties will per default be traversable.
2014-11-25 23:19:00,082 DEBUG [main] ConfigurationImpl: Setting custom MessageInterpolator of type org.springframework.validation.beanvalidation.LocaleContextMessageInterpolator
2014-11-25 23:19:00,089 DEBUG [main] ConfigurationImpl: Setting custom ConstraintValidatorFactory of type org.springframework.validation.beanvalidation.SpringConstraintValidatorFactory
2014-11-25 23:19:00,095 DEBUG [main] ConfigurationImpl: Setting custom ParameterNameProvider of type com.sun.proxy.$Proxy21
2014-11-25 23:19:00,107 DEBUG [main] ValidationXmlParser: Trying to load META-INF/validation.xml for XML based Validator configuration.
2014-11-25 23:19:00,121 DEBUG [main] ValidationXmlParser: No META-INF/validation.xml found. Using annotation based configuration only.
2014-11-25 23:19:01,541 INFO  [main] TomcatEmbeddedServletContainerFactory: Server initialized with port: 8081
2014-11-25 23:19:05,538 INFO  [localhost-startStop-1] ServletRegistrationBean: Mapping servlet: 'dispatcherServlet' to [/]
2014-11-25 23:19:05,544 INFO  [localhost-startStop-1] FilterRegistrationBean: Mapping filter: 'hiddenHttpMethodFilter' to: [/*]
2014-11-25 23:19:07,081 DEBUG [main] DefaultTraversableResolver: Cannot find javax.persistence.Persistence on classpath. Assuming non JPA 2 environment. All properties will per default be traversable.
2014-11-25 23:19:07,082 DEBUG [main] ConfigurationImpl: Setting custom MessageInterpolator of type org.springframework.validation.beanvalidation.LocaleContextMessageInterpolator
2014-11-25 23:19:07,082 DEBUG [main] ConfigurationImpl: Setting custom ConstraintValidatorFactory of type org.springframework.validation.beanvalidation.SpringConstraintValidatorFactory
2014-11-25 23:19:07,082 DEBUG [main] ConfigurationImpl: Setting custom ParameterNameProvider of type com.sun.proxy.$Proxy21
2014-11-25 23:19:07,083 DEBUG [main] ValidationXmlParser: Trying to load META-INF/validation.xml for XML based Validator configuration.
2014-11-25 23:19:07,085 DEBUG [main] ValidationXmlParser: No META-INF/validation.xml found. Using annotation based configuration only.
2014-11-25 23:19:07,408 INFO  [main] AnnotationMBeanExporter: Registering beans for JMX exposure on startup
2014-11-25 23:19:07,635 INFO  [main] TomcatEmbeddedServletContainer: Tomcat started on port(s): 8081/http
2014-11-25 23:19:07,638 INFO  [main] Application: Started Application in 11.968 seconds (JVM running for 13.937)
